[2020-03-21 10:28:41,174]: INFO method:"method_call_wrap" decorator thread_this_method: Converting method reflash into GuiThread object
[2020-03-21 10:28:41,174]: INFO method:"method_call_wrap" decorator thread_this_method: Converting method reflash into GuiThread object
[2020-03-21 10:28:41,174]: INFO method:"method_call_wrap" GuiThread with args: (<__main__.Reflasher object at 0x000000000301C948>,), kwargs: {}
[2020-03-21 10:28:41,174]: INFO method:"method_call_wrap" GuiThread with args: (<__main__.Reflasher object at 0x000000000301C948>,), kwargs: {}
[2020-03-21 10:28:41,174]: INFO method:"method_call_wrap" decorator thread_this_method: Converting method data_ready_slot into GuiThread object
[2020-03-21 10:28:41,174]: INFO method:"method_call_wrap" decorator thread_this_method: Converting method data_ready_slot into GuiThread object
[2020-03-21 10:28:41,174]: INFO method:"method_call_wrap" GuiThread with args: (<__main__.Reflasher object at 0x000000000301C948>,), kwargs: {}
[2020-03-21 10:28:41,174]: INFO method:"method_call_wrap" GuiThread with args: (<__main__.Reflasher object at 0x000000000301C948>,), kwargs: {}
[2020-03-21 10:28:41,203]: INFO method:"method_call_wrap" decorator thread_this_method: Converting method test_connection into GuiThread object
[2020-03-21 10:28:41,203]: INFO method:"method_call_wrap" decorator thread_this_method: Converting method test_connection into GuiThread object
[2020-03-21 10:28:41,203]: INFO method:"method_call_wrap" GuiThread with args: (<__main__.Reflasher object at 0x000000000301C948>,), kwargs: {}
[2020-03-21 10:28:41,203]: INFO method:"method_call_wrap" GuiThread with args: (<__main__.Reflasher object at 0x000000000301C948>,), kwargs: {}
[2020-03-21 10:28:43,344]: DEBUG method:"run" Run: <function reflash at 0x00000000030AAC88>, ARGS: (<__main__.Reflasher object at 0x000000000301C948>,), KWARGS: {}
[2020-03-21 10:28:43,344]: DEBUG method:"run" Run: <function reflash at 0x00000000030AAC88>, ARGS: (<__main__.Reflasher object at 0x000000000301C948>,), KWARGS: {}
[2020-03-21 10:28:43,345]: DEBUG method:"run" Num of threads: 3
[2020-03-21 10:28:43,345]: DEBUG method:"run" Num of threads: 3
[2020-03-21 10:28:44,269]: DEBUG method:"run" Run: <function data_ready_slot at 0x00000000030AA668>, ARGS: (<__main__.Reflasher object at 0x000000000301C948>,), KWARGS: {}
[2020-03-21 10:28:44,269]: DEBUG method:"run" Run: <function data_ready_slot at 0x00000000030AA668>, ARGS: (<__main__.Reflasher object at 0x000000000301C948>,), KWARGS: {}
[2020-03-21 10:28:44,269]: DEBUG method:"run" Num of threads: 3
[2020-03-21 10:28:44,269]: DEBUG method:"run" Num of threads: 3
[2020-03-21 10:28:44,769]: DEBUG method:"run" Run: <function data_ready_slot at 0x00000000030AA668>, ARGS: (<__main__.Reflasher object at 0x000000000301C948>,), KWARGS: {}
[2020-03-21 10:28:44,769]: DEBUG method:"run" Run: <function data_ready_slot at 0x00000000030AA668>, ARGS: (<__main__.Reflasher object at 0x000000000301C948>,), KWARGS: {}
[2020-03-21 10:28:44,769]: DEBUG method:"run" Num of threads: 2
[2020-03-21 10:28:44,769]: DEBUG method:"run" Num of threads: 2
[2020-03-21 10:28:46,469]: DEBUG method:"run" Run: <function data_ready_slot at 0x00000000030AA668>, ARGS: (<__main__.Reflasher object at 0x000000000301C948>,), KWARGS: {}
[2020-03-21 10:28:46,469]: DEBUG method:"run" Run: <function data_ready_slot at 0x00000000030AA668>, ARGS: (<__main__.Reflasher object at 0x000000000301C948>,), KWARGS: {}
[2020-03-21 10:28:46,469]: DEBUG method:"run" Num of threads: 2
[2020-03-21 10:28:46,469]: DEBUG method:"run" Num of threads: 2
